# JRE version: Java(TM) SE Runtime Environment (8.0_91-b15) (build 1.8.0_91-b15)
# Java VM: Java HotSpot(TM) 64-Bit Server VM (25.91-b15 mixed mode windows-amd64 compressed oops)
Heap:
 PSYoungGen      total 85504K, used 14807K [0x00000000f5e00000, 0x00000000fd300000, 0x0000000100000000)
  eden space 69632K, 1% used [0x00000000f5e00000,0x00000000f5f50b28,0x00000000fa200000)
  from space 15872K, 84% used [0x00000000fc380000,0x00000000fd0a5288,0x00000000fd300000)
  to   space 13312K, 0% used [0x00000000fa200000,0x00000000fa200000,0x00000000faf00000)
 ParOldGen       total 39936K, used 28338K [0x00000000e1a00000, 0x00000000e4100000, 0x00000000f5e00000)
  object space 39936K, 70% used [0x00000000e1a00000,0x00000000e35aca00,0x00000000e4100000)
 Metaspace       used 22785K, capacity 23296K, committed 23424K, reserved 1069056K
  class space    used 2701K, capacity 2892K, committed 2944K, reserved 1048576K
GC Heap History (10 events):
Event: 21.260 GC heap after
Heap after GC invocations=19 (full 1):
 PSYoungGen      total 60928K, used 8123K [0x00000000f5e00000, 0x00000000fa600000, 0x0000000100000000)
  eden space 52736K, 0% used [0x00000000f5e00000,0x00000000f5e00000,0x00000000f9180000)
  from space 8192K, 99% used [0x00000000f9b00000,0x00000000fa2eed60,0x00000000fa300000)
  to   space 9728K, 0% used [0x00000000f9180000,0x00000000f9180000,0x00000000f9b00000)
 ParOldGen       total 24064K, used 18646K [0x00000000e1a00000, 0x00000000e3180000, 0x00000000f5e00000)
  object space 24064K, 77% used [0x00000000e1a00000,0x00000000e2c35888,0x00000000e3180000)
 Metaspace       used 22749K, capacity 23282K, committed 23344K, reserved 1069056K
  class space    used 2697K, capacity 2890K, committed 2944K, reserved 1048576K
}
Event: 21.537 GC heap before
{Heap before GC invocations=20 (full 1):
 PSYoungGen      total 60928K, used 60859K [0x00000000f5e00000, 0x00000000fa600000, 0x0000000100000000)
  eden space 52736K, 100% used [0x00000000f5e00000,0x00000000f9180000,0x00000000f9180000)
  from space 8192K, 99% used [0x00000000f9b00000,0x00000000fa2eed60,0x00000000fa300000)
  to   space 9728K, 0% used [0x00000000f9180000,0x00000000f9180000,0x00000000f9b00000)
 ParOldGen       total 24064K, used 18646K [0x00000000e1a00000, 0x00000000e3180000, 0x00000000f5e00000)
  object space 24064K, 77% used [0x00000000e1a00000,0x00000000e2c35888,0x00000000e3180000)
 Metaspace       used 22751K, capacity 23282K, committed 23344K, reserved 1069056K
  class space    used 2697K, capacity 2890K, committed 2944K, reserved 1048576K
Event: 21.552 GC heap after
Heap after GC invocations=20 (full 1):
 PSYoungGen      total 62464K, used 9717K [0x00000000f5e00000, 0x00000000fbc80000, 0x0000000100000000)
  eden space 52736K, 0% used [0x00000000f5e00000,0x00000000f5e00000,0x00000000f9180000)
  from space 9728K, 99% used [0x00000000f9180000,0x00000000f9afd588,0x00000000f9b00000)
  to   space 11776K, 0% used [0x00000000fb100000,0x00000000fb100000,0x00000000fbc80000)
 ParOldGen       total 24064K, used 20670K [0x00000000e1a00000, 0x00000000e3180000, 0x00000000f5e00000)
  object space 24064K, 85% used [0x00000000e1a00000,0x00000000e2e2fad8,0x00000000e3180000)
 Metaspace       used 22751K, capacity 23282K, committed 23344K, reserved 1069056K
  class space    used 2697K, capacity 2890K, committed 2944K, reserved 1048576K
}
Event: 21.552 GC heap before
{Heap before GC invocations=21 (full 2):
 PSYoungGen      total 62464K, used 9717K [0x00000000f5e00000, 0x00000000fbc80000, 0x0000000100000000)
  eden space 52736K, 0% used [0x00000000f5e00000,0x00000000f5e00000,0x00000000f9180000)
  from space 9728K, 99% used [0x00000000f9180000,0x00000000f9afd588,0x00000000f9b00000)
  to   space 11776K, 0% used [0x00000000fb100000,0x00000000fb100000,0x00000000fbc80000)
 ParOldGen       total 24064K, used 20670K [0x00000000e1a00000, 0x00000000e3180000, 0x00000000f5e00000)
  object space 24064K, 85% used [0x00000000e1a00000,0x00000000e2e2fad8,0x00000000e3180000)
 Metaspace       used 22751K, capacity 23282K, committed 23344K, reserved 1069056K
  class space    used 2697K, capacity 2890K, committed 2944K, reserved 1048576K
Event: 21.673 GC heap after
Heap after GC invocations=21 (full 2):
 PSYoungGen      total 62464K, used 2399K [0x00000000f5e00000, 0x00000000fbc80000, 0x0000000100000000)
  eden space 52736K, 0% used [0x00000000f5e00000,0x00000000f5e00000,0x00000000f9180000)
  from space 9728K, 24% used [0x00000000f9180000,0x00000000f93d7f00,0x00000000f9b00000)
  to   space 11776K, 0% used [0x00000000fb100000,0x00000000fb100000,0x00000000fbc80000)
 ParOldGen       total 39936K, used 23872K [0x00000000e1a00000, 0x00000000e4100000, 0x00000000f5e00000)
  object space 39936K, 59% used [0x00000000e1a00000,0x00000000e3150358,0x00000000e4100000)
 Metaspace       used 22751K, capacity 23282K, committed 23344K, reserved 1069056K
  class space    used 2697K, capacity 2890K, committed 2944K, reserved 1048576K
}
Event: 22.028 GC heap before
{Heap before GC invocations=22 (full 2):
 PSYoungGen      total 62464K, used 55135K [0x00000000f5e00000, 0x00000000fbc80000, 0x0000000100000000)
  eden space 52736K, 100% used [0x00000000f5e00000,0x00000000f9180000,0x00000000f9180000)
  from space 9728K, 24% used [0x00000000f9180000,0x00000000f93d7f00,0x00000000f9b00000)
  to   space 11776K, 0% used [0x00000000fb100000,0x00000000fb100000,0x00000000fbc80000)
 ParOldGen       total 39936K, used 23872K [0x00000000e1a00000, 0x00000000e4100000, 0x00000000f5e00000)
  object space 39936K, 59% used [0x00000000e1a00000,0x00000000e3150358,0x00000000e4100000)
 Metaspace       used 22763K, capacity 23286K, committed 23344K, reserved 1069056K
  class space    used 2698K, capacity 2890K, committed 2944K, reserved 1048576K
Event: 22.097 GC heap after
Heap after GC invocations=22 (full 2):
 PSYoungGen      total 79872K, used 10908K [0x00000000f5e00000, 0x00000000fbc00000, 0x0000000100000000)
  eden space 68608K, 0% used [0x00000000f5e00000,0x00000000f5e00000,0x00000000fa100000)
  from space 11264K, 96% used [0x00000000fb100000,0x00000000fbba7098,0x00000000fbc00000)
  to   space 13312K, 0% used [0x00000000fa200000,0x00000000fa200000,0x00000000faf00000)
 ParOldGen       total 39936K, used 24635K [0x00000000e1a00000, 0x00000000e4100000, 0x00000000f5e00000)
  object space 39936K, 61% used [0x00000000e1a00000,0x00000000e320ed38,0x00000000e4100000)
 Metaspace       used 22763K, capacity 23286K, committed 23344K, reserved 1069056K
  class space    used 2698K, capacity 2890K, committed 2944K, reserved 1048576K
}
Event: 23.100 GC heap before
{Heap before GC invocations=23 (full 2):
 PSYoungGen      total 79872K, used 79516K [0x00000000f5e00000, 0x00000000fbc00000, 0x0000000100000000)
  eden space 68608K, 100% used [0x00000000f5e00000,0x00000000fa100000,0x00000000fa100000)
  from space 11264K, 96% used [0x00000000fb100000,0x00000000fbba7098,0x00000000fbc00000)
  to   space 13312K, 0% used [0x00000000fa200000,0x00000000fa200000,0x00000000faf00000)
 ParOldGen       total 39936K, used 24635K [0x00000000e1a00000, 0x00000000e4100000, 0x00000000f5e00000)
  object space 39936K, 61% used [0x00000000e1a00000,0x00000000e320ed38,0x00000000e4100000)
 Metaspace       used 22764K, capacity 23286K, committed 23344K, reserved 1069056K
  class space    used 2698K, capacity 2890K, committed 2944K, reserved 1048576K
Event: 23.159 GC heap after
Heap after GC invocations=23 (full 2):
 PSYoungGen      total 82944K, used 13092K [0x00000000f5e00000, 0x00000000fd300000, 0x0000000100000000)
  eden space 69632K, 0% used [0x00000000f5e00000,0x00000000f5e00000,0x00000000fa200000)
  from space 13312K, 98% used [0x00000000fa200000,0x00000000faec9298,0x00000000faf00000)
  to   space 15872K, 0% used [0x00000000fc380000,0x00000000fc380000,0x00000000fd300000)
 ParOldGen       total 39936K, used 26831K [0x00000000e1a00000, 0x00000000e4100000, 0x00000000f5e00000)
  object space 39936K, 67% used [0x00000000e1a00000,0x00000000e3433e48,0x00000000e4100000)
 Metaspace       used 22764K, capacity 23286K, committed 23344K, reserved 1069056K
  class space    used 2698K, capacity 2890K, committed 2944K, reserved 1048576K
}
Event: 23.599 GC heap before
{Heap before GC invocations=24 (full 2):
 PSYoungGen      total 82944K, used 82724K [0x00000000f5e00000, 0x00000000fd300000, 0x0000000100000000)
  eden space 69632K, 100% used [0x00000000f5e00000,0x00000000fa200000,0x00000000fa200000)
  from space 13312K, 98% used [0x00000000fa200000,0x00000000faec9298,0x00000000faf00000)
  to   space 15872K, 0% used [0x00000000fc380000,0x00000000fc380000,0x00000000fd300000)
 ParOldGen       total 39936K, used 26831K [0x00000000e1a00000, 0x00000000e4100000, 0x00000000f5e00000)
  object space 39936K, 67% used [0x00000000e1a00000,0x00000000e3433e48,0x00000000e4100000)
 Metaspace       used 22785K, capacity 23296K, committed 23424K, reserved 1069056K
  class space    used 2701K, capacity 2892K, committed 2944K, reserved 1048576K

